  [1m[36m (26.3ms)[0m  [1mCREATE TABLE "schema_migrations" ("version" character varying(255) NOT NULL) [0m
  [1m[35m (3.9ms)[0m  CREATE UNIQUE INDEX  "unique_schema_migrations" ON "schema_migrations"  ("version")
  [1m[36mActiveRecord::SchemaMigration Load (0.4ms)[0m  [1mSELECT "schema_migrations".* FROM "schema_migrations"[0m
Migrating to CreateUsers (20141118010203)
  [1m[35m (0.2ms)[0m  BEGIN
  [1m[36m (23.8ms)[0m  [1mCREATE TABLE "users" ("id" serial primary key, "name" character varying(255), "email" character varying(255), "vimeo_uid" integer, "twitter_uid" integer, "github_uid" integer, "instagram_uid" integer, "created_at" timestamp, "updated_at" timestamp) [0m
  [1m[35mSQL (6.4ms)[0m  INSERT INTO "schema_migrations" ("version") VALUES ($1)  [["version", "20141118010203"]]
  [1m[36m (6.2ms)[0m  [1mCOMMIT[0m
  [1m[35mActiveRecord::SchemaMigration Load (0.4ms)[0m  SELECT "schema_migrations".* FROM "schema_migrations"
  [1m[36mActiveRecord::SchemaMigration Load (0.8ms)[0m  [1mSELECT "schema_migrations".* FROM "schema_migrations"[0m
Migrating to Changeusertable (20141118181708)
  [1m[35m (0.2ms)[0m  BEGIN
  [1m[36m (30.8ms)[0m  [1mALTER TABLE "users" DROP "vimeo_uid"[0m
  [1m[35m (0.2ms)[0m  ALTER TABLE "users" DROP "twitter_uid"
  [1m[36m (0.2ms)[0m  [1mALTER TABLE "users" DROP "github_uid"[0m
  [1m[35m (0.2ms)[0m  ALTER TABLE "users" DROP "instagram_uid"
  [1m[36mSQL (12.1ms)[0m  [1mINSERT INTO "schema_migrations" ("version") VALUES ($1)[0m  [["version", "20141118181708"]]
  [1m[35m (11.1ms)[0m  COMMIT
  [1m[36mActiveRecord::SchemaMigration Load (0.3ms)[0m  [1mSELECT "schema_migrations".* FROM "schema_migrations"[0m
  [1m[36mActiveRecord::SchemaMigration Load (0.3ms)[0m  [1mSELECT "schema_migrations".* FROM "schema_migrations"[0m
Migrating to CreateAuthentications (20141118182712)
  [1m[35m (0.1ms)[0m  BEGIN
  [1m[36m (6.7ms)[0m  [1mCREATE TABLE "authentications" ("id" serial primary key, "provider" character varying(255), "uid" integer, "user_id" integer, "created_at" timestamp, "updated_at" timestamp) [0m
  [1m[35mSQL (0.2ms)[0m  INSERT INTO "schema_migrations" ("version") VALUES ($1)  [["version", "20141118182712"]]
  [1m[36m (0.7ms)[0m  [1mCOMMIT[0m
  [1m[35mActiveRecord::SchemaMigration Load (0.2ms)[0m  SELECT "schema_migrations".* FROM "schema_migrations"
  [1m[36mActiveRecord::SchemaMigration Load (0.3ms)[0m  [1mSELECT "schema_migrations".* FROM "schema_migrations"[0m
Migrating to Changeuidtype (20141118183824)
  [1m[35m (0.1ms)[0m  BEGIN
  [1m[36m (0.6ms)[0m  [1mALTER TABLE "authentications" DROP "uid"[0m
  [1m[35m (2.2ms)[0m  ALTER TABLE "authentications" ADD COLUMN "uid" character varying(255)
  [1m[36mSQL (0.3ms)[0m  [1mINSERT INTO "schema_migrations" ("version") VALUES ($1)[0m  [["version", "20141118183824"]]
  [1m[35m (0.7ms)[0m  COMMIT
  [1m[36mActiveRecord::SchemaMigration Load (0.3ms)[0m  [1mSELECT "schema_migrations".* FROM "schema_migrations"[0m
